c:\users\nikita\desktop\consoleapplication2\consoleapplication2\debug\classes.pch
c:\users\nikita\desktop\consoleapplication2\consoleapplication2\debug\vc141.pdb
c:\users\nikita\desktop\consoleapplication2\consoleapplication2\debug\vc141.idb
c:\users\nikita\desktop\consoleapplication2\consoleapplication2\debug\stdafx.obj
c:\users\nikita\desktop\consoleapplication2\consoleapplication2\debug\classes.obj
c:\users\nikita\desktop\consoleapplication2\debug\classes.ilk
c:\users\nikita\desktop\consoleapplication2\debug\classes.exe
c:\users\nikita\desktop\consoleapplication2\debug\classes.pdb
c:\users\nikita\desktop\classes\consoleapplication2\debug\classes.obj
c:\users\nikita\desktop\classes\consoleapplication2\debug\consoleapplication2.obj
c:\users\nikita\desktop\classes\consoleapplication2\debug\stdafx.obj
c:\users\nikita\desktop\classes\consoleapplication2\debug\classes.pch
c:\users\nikita\desktop\classes\consoleapplication2\debug\consoleapplication2.pch
c:\users\nikita\desktop\classes\consoleapplication2\debug\vc120.idb
c:\users\nikita\desktop\classes\consoleapplication2\debug\vc141.idb
c:\users\nikita\desktop\classes\consoleapplication2\debug\vc120.pdb
c:\users\nikita\desktop\classes\consoleapplication2\debug\vc141.pdb
c:\users\nikita\desktop\classes\debug\classes.pdb
c:\users\nikita\desktop\classes\debug\classes.exe
c:\users\nikita\desktop\classes\debug\classes.ilk
c:\users\nikita\desktop\classes\consoleapplication2\debug\classes.tlog\cl.command.1.tlog
c:\users\nikita\desktop\classes\consoleapplication2\debug\classes.tlog\cl.read.1.tlog
c:\users\nikita\desktop\classes\consoleapplication2\debug\classes.tlog\cl.write.1.tlog
c:\users\nikita\desktop\classes\consoleapplication2\debug\classes.tlog\link.command.1.tlog
c:\users\nikita\desktop\classes\consoleapplication2\debug\classes.tlog\link.read.1.tlog
c:\users\nikita\desktop\classes\consoleapplication2\debug\classes.tlog\link.write.1.tlog
